n:\кп по кпо\avd-2022\avd-2022\debug\vc143.pdb
n:\кп по кпо\avd-2022\avd-2022\debug\vc143.idb
n:\кп по кпо\avd-2022\avd-2022\debug\semantic.obj
n:\кп по кпо\avd-2022\avd-2022\debug\polishnotation.obj
n:\кп по кпо\avd-2022\avd-2022\debug\parm.obj
n:\кп по кпо\avd-2022\avd-2022\debug\mfst.obj
n:\кп по кпо\avd-2022\avd-2022\debug\lt.obj
n:\кп по кпо\avd-2022\avd-2022\debug\log.obj
n:\кп по кпо\avd-2022\avd-2022\debug\lexanaliz.obj
n:\кп по кпо\avd-2022\avd-2022\debug\it.obj
n:\кп по кпо\avd-2022\avd-2022\debug\in.obj
n:\кп по кпо\avd-2022\avd-2022\debug\grb.obj
n:\кп по кпо\avd-2022\avd-2022\debug\generation.obj
n:\кп по кпо\avd-2022\avd-2022\debug\fst.obj
n:\кп по кпо\avd-2022\avd-2022\debug\errors.obj
n:\кп по кпо\avd-2022\avd-2022\debug\avd-2022.obj
n:\кп по кпо\avd-2022\debug\avd-2022.pdb
n:\кп по кпо\avd-2022\avd-2022\debug\avd-2022.tlog\cl.command.1.tlog
n:\кп по кпо\avd-2022\avd-2022\debug\avd-2022.tlog\cl.read.1.tlog
n:\кп по кпо\avd-2022\avd-2022\debug\avd-2022.tlog\cl.write.1.tlog
n:\кп по кпо\avd-2022\avd-2022\debug\avd-2022.tlog\link-cvtres.read.1.tlog
n:\кп по кпо\avd-2022\avd-2022\debug\avd-2022.tlog\link-cvtres.write.1.tlog
n:\кп по кпо\avd-2022\avd-2022\debug\avd-2022.tlog\link-rc.read.1.tlog
n:\кп по кпо\avd-2022\avd-2022\debug\avd-2022.tlog\link-rc.write.1.tlog
n:\кп по кпо\avd-2022\avd-2022\debug\avd-2022.tlog\link.command.1.tlog
n:\кп по кпо\avd-2022\avd-2022\debug\avd-2022.tlog\link.read.1.tlog
n:\кп по кпо\avd-2022\avd-2022\debug\avd-2022.tlog\link.write.1.tlog
