
---- Протокол ----
---- Дата: 12/18/22 16:41:42 ----
-----Параметры----- 
-in:	in.txt
-log:	in.txt.log
-out:	..\AVD-AsmLib\AVD-AsmLib\out.asm
---- Исходные данные ----
Количество символов: 783
Проигнорировано: 0
Количество строк: 46

Первая фаза анализатора :
function unsigned integer su ( unsigned integer a , unsigned integer b , unsigned integer d ) 
 { 
 declare unsigned integer res ; 
 res = a + b + d ; 
 return res ; 
 } 
 main 
 { 
 declare unsigned integer a ; 
 declare unsigned integer b ; 
 declare unsigned integer c ; 
 a = 4 ; 
 b = 0x2 ; 
 declare function unsigned integer stepen ( unsigned integer ui , unsigned integer us ) ; 
 c = stepen ( a , 2 ) ; 
 print c ; 
 declare unsigned integer sum ; 
 sum = su ( a , b , c ) ; 
 print sum ; 
 declare unsigned integer sumo ; 
 sumo = su ( 1 , a , 3 ) ; 
 print sumo ; 
 declare string str ; 
 declare string stro ; 
 str = "exampleExample" ; 
 stro = "example" ; 
 declare function unsigned integer sravs ( string strm , string strl ) ; 
 declare unsigned integer rezs ; 
 rezs = sravs ( str , stro ) ; 
 if ( rezs == 1 ) 
 { 
 print "Okey" ; 
 } 
 if ( b != a ) 
 { 
 print "Yes" ; 
 } 
 if ( a >= c ) 
 { 
 print "Yes" ; 
 } 
 if ( b <= c ) 
 { 
 print "Yes" ; 
 } 
 } 



Протокол по работе анализатора ->

01   fti(ti,ti,ti)
02   {
03   dti;
04   i=i+i+i;
05   ri;
06   }
07   m
08   {
09   dti;
10   dti;
11   dti;
12   i=l;
13   i=l;
14   dfti(ti,ti);
15   i=i(i,l);
16   pi;
17   dti;
18   i=i(i,i,i);
19   pi;
20   dti;
21   i=i(l,i,l);
22   pi;
23   dti;
24   dti;
25   i=l;
26   i=l;
27   dfti(ti,ti);
28   dti;
29   i=i(i,i);
30   u(isl)
31   {
32   pl;
33   }
34   u(isi)
35   {
36   pl;
37   }
38   u(isi)
39   {
40   pl;
41   }
42   u(isi)
43   {
44   pl;
45   }
46   }

Протокол по работе ТЛ - Полная ТЛ ->

---+----------------------+-----------------+--------------------------+
 № | номер в табл идентиф |    лексема      |  номер в исходном коде   |
---+----------------------+-----------------+--------------------------+
  0|                    -1|                f|                         1|
---+----------------------+-----------------+--------------------------+
  1|                    -1|                t|                         1|
---+----------------------+-----------------+--------------------------+
  2|                     0|                i|                         1|
---+----------------------+-----------------+--------------------------+
  3|                    -1|                (|                         1|
---+----------------------+-----------------+--------------------------+
  4|                    -1|                t|                         1|
---+----------------------+-----------------+--------------------------+
  5|                     1|                i|                         1|
---+----------------------+-----------------+--------------------------+
  6|                    -1|                ,|                         1|
---+----------------------+-----------------+--------------------------+
  7|                    -1|                t|                         1|
---+----------------------+-----------------+--------------------------+
  8|                     2|                i|                         1|
---+----------------------+-----------------+--------------------------+
  9|                    -1|                ,|                         1|
---+----------------------+-----------------+--------------------------+
 10|                    -1|                t|                         1|
---+----------------------+-----------------+--------------------------+
 11|                     3|                i|                         1|
---+----------------------+-----------------+--------------------------+
 12|                    -1|                )|                         1|
---+----------------------+-----------------+--------------------------+
 13|                    -1|                {|                         2|
---+----------------------+-----------------+--------------------------+
 14|                    -1|                d|                         3|
---+----------------------+-----------------+--------------------------+
 15|                    -1|                t|                         3|
---+----------------------+-----------------+--------------------------+
 16|                     4|                i|                         3|
---+----------------------+-----------------+--------------------------+
 17|                    -1|                ;|                         3|
---+----------------------+-----------------+--------------------------+
 18|                     4|                i|                         4|
---+----------------------+-----------------+--------------------------+
 19|                    -1|                =|                         4|
---+----------------------+-----------------+--------------------------+
 20|                     1|                i|                         4|
---+----------------------+-----------------+--------------------------+
 21|                     5|                v|                         4|
---+----------------------+-----------------+--------------------------+
 22|                     2|                i|                         4|
---+----------------------+-----------------+--------------------------+
 23|                     5|                v|                         4|
---+----------------------+-----------------+--------------------------+
 24|                     3|                i|                         4|
---+----------------------+-----------------+--------------------------+
 25|                    -1|                ;|                         4|
---+----------------------+-----------------+--------------------------+
 26|                    -1|                r|                         5|
---+----------------------+-----------------+--------------------------+
 27|                     4|                i|                         5|
---+----------------------+-----------------+--------------------------+
 28|                    -1|                ;|                         5|
---+----------------------+-----------------+--------------------------+
 29|                    -1|                }|                         6|
---+----------------------+-----------------+--------------------------+
 30|                    -1|                m|                         7|
---+----------------------+-----------------+--------------------------+
 31|                    -1|                {|                         8|
---+----------------------+-----------------+--------------------------+
 32|                    -1|                d|                         9|
---+----------------------+-----------------+--------------------------+
 33|                    -1|                t|                         9|
---+----------------------+-----------------+--------------------------+
 34|                     6|                i|                         9|
---+----------------------+-----------------+--------------------------+
 35|                    -1|                ;|                         9|
---+----------------------+-----------------+--------------------------+
 36|                    -1|                d|                        10|
---+----------------------+-----------------+--------------------------+
 37|                    -1|                t|                        10|
---+----------------------+-----------------+--------------------------+
 38|                     7|                i|                        10|
---+----------------------+-----------------+--------------------------+
 39|                    -1|                ;|                        10|
---+----------------------+-----------------+--------------------------+
 40|                    -1|                d|                        11|
---+----------------------+-----------------+--------------------------+
 41|                    -1|                t|                        11|
---+----------------------+-----------------+--------------------------+
 42|                     8|                i|                        11|
---+----------------------+-----------------+--------------------------+
 43|                    -1|                ;|                        11|
---+----------------------+-----------------+--------------------------+
 44|                     6|                i|                        12|
---+----------------------+-----------------+--------------------------+
 45|                    -1|                =|                        12|
---+----------------------+-----------------+--------------------------+
 46|                     9|                l|                        12|
---+----------------------+-----------------+--------------------------+
 47|                    -1|                ;|                        12|
---+----------------------+-----------------+--------------------------+
 48|                     7|                i|                        13|
---+----------------------+-----------------+--------------------------+
 49|                    -1|                =|                        13|
---+----------------------+-----------------+--------------------------+
 50|                    10|                l|                        13|
---+----------------------+-----------------+--------------------------+
 51|                    -1|                ;|                        13|
---+----------------------+-----------------+--------------------------+
 52|                    -1|                d|                        14|
---+----------------------+-----------------+--------------------------+
 53|                    -1|                f|                        14|
---+----------------------+-----------------+--------------------------+
 54|                    -1|                t|                        14|
---+----------------------+-----------------+--------------------------+
 55|                    11|                i|                        14|
---+----------------------+-----------------+--------------------------+
 56|                    -1|                (|                        14|
---+----------------------+-----------------+--------------------------+
 57|                    -1|                t|                        14|
---+----------------------+-----------------+--------------------------+
 58|                    12|                i|                        14|
---+----------------------+-----------------+--------------------------+
 59|                    -1|                ,|                        14|
---+----------------------+-----------------+--------------------------+
 60|                    -1|                t|                        14|
---+----------------------+-----------------+--------------------------+
 61|                    13|                i|                        14|
---+----------------------+-----------------+--------------------------+
 62|                    -1|                )|                        14|
---+----------------------+-----------------+--------------------------+
 63|                    -1|                ;|                        14|
---+----------------------+-----------------+--------------------------+
 64|                     8|                i|                        15|
---+----------------------+-----------------+--------------------------+
 65|                    -1|                =|                        15|
---+----------------------+-----------------+--------------------------+
 66|                    11|                i|                        15|
---+----------------------+-----------------+--------------------------+
 67|                    -1|                (|                        15|
---+----------------------+-----------------+--------------------------+
 68|                     6|                i|                        15|
---+----------------------+-----------------+--------------------------+
 69|                    -1|                ,|                        15|
---+----------------------+-----------------+--------------------------+
 70|                    14|                l|                        15|
---+----------------------+-----------------+--------------------------+
 71|                    -1|                )|                        15|
---+----------------------+-----------------+--------------------------+
 72|                    -1|                ;|                        15|
---+----------------------+-----------------+--------------------------+
 73|                    -1|                p|                        16|
---+----------------------+-----------------+--------------------------+
 74|                     8|                i|                        16|
---+----------------------+-----------------+--------------------------+
 75|                    -1|                ;|                        16|
---+----------------------+-----------------+--------------------------+
 76|                    -1|                d|                        17|
---+----------------------+-----------------+--------------------------+
 77|                    -1|                t|                        17|
---+----------------------+-----------------+--------------------------+
 78|                    15|                i|                        17|
---+----------------------+-----------------+--------------------------+
 79|                    -1|                ;|                        17|
---+----------------------+-----------------+--------------------------+
 80|                    15|                i|                        18|
---+----------------------+-----------------+--------------------------+
 81|                    -1|                =|                        18|
---+----------------------+-----------------+--------------------------+
 82|                     0|                i|                        18|
---+----------------------+-----------------+--------------------------+
 83|                    -1|                (|                        18|
---+----------------------+-----------------+--------------------------+
 84|                     6|                i|                        18|
---+----------------------+-----------------+--------------------------+
 85|                    -1|                ,|                        18|
---+----------------------+-----------------+--------------------------+
 86|                     7|                i|                        18|
---+----------------------+-----------------+--------------------------+
 87|                    -1|                ,|                        18|
---+----------------------+-----------------+--------------------------+
 88|                     8|                i|                        18|
---+----------------------+-----------------+--------------------------+
 89|                    -1|                )|                        18|
---+----------------------+-----------------+--------------------------+
 90|                    -1|                ;|                        18|
---+----------------------+-----------------+--------------------------+
 91|                    -1|                p|                        19|
---+----------------------+-----------------+--------------------------+
 92|                    15|                i|                        19|
---+----------------------+-----------------+--------------------------+
 93|                    -1|                ;|                        19|
---+----------------------+-----------------+--------------------------+
 94|                    -1|                d|                        20|
---+----------------------+-----------------+--------------------------+
 95|                    -1|                t|                        20|
---+----------------------+-----------------+--------------------------+
 96|                    16|                i|                        20|
---+----------------------+-----------------+--------------------------+
 97|                    -1|                ;|                        20|
---+----------------------+-----------------+--------------------------+
 98|                    16|                i|                        21|
---+----------------------+-----------------+--------------------------+
 99|                    -1|                =|                        21|
---+----------------------+-----------------+--------------------------+
100|                     0|                i|                        21|
---+----------------------+-----------------+--------------------------+
101|                    -1|                (|                        21|
---+----------------------+-----------------+--------------------------+
102|                    17|                l|                        21|
---+----------------------+-----------------+--------------------------+
103|                    -1|                ,|                        21|
---+----------------------+-----------------+--------------------------+
104|                     6|                i|                        21|
---+----------------------+-----------------+--------------------------+
105|                    -1|                ,|                        21|
---+----------------------+-----------------+--------------------------+
106|                    18|                l|                        21|
---+----------------------+-----------------+--------------------------+
107|                    -1|                )|                        21|
---+----------------------+-----------------+--------------------------+
108|                    -1|                ;|                        21|
---+----------------------+-----------------+--------------------------+
109|                    -1|                p|                        22|
---+----------------------+-----------------+--------------------------+
110|                    16|                i|                        22|
---+----------------------+-----------------+--------------------------+
111|                    -1|                ;|                        22|
---+----------------------+-----------------+--------------------------+
112|                    -1|                d|                        23|
---+----------------------+-----------------+--------------------------+
113|                    -1|                t|                        23|
---+----------------------+-----------------+--------------------------+
114|                    19|                i|                        23|
---+----------------------+-----------------+--------------------------+
115|                    -1|                ;|                        23|
---+----------------------+-----------------+--------------------------+
116|                    -1|                d|                        24|
---+----------------------+-----------------+--------------------------+
117|                    -1|                t|                        24|
---+----------------------+-----------------+--------------------------+
118|                    20|                i|                        24|
---+----------------------+-----------------+--------------------------+
119|                    -1|                ;|                        24|
---+----------------------+-----------------+--------------------------+
120|                    19|                i|                        25|
---+----------------------+-----------------+--------------------------+
121|                    -1|                =|                        25|
---+----------------------+-----------------+--------------------------+
122|                    21|                l|                        25|
---+----------------------+-----------------+--------------------------+
123|                    -1|                ;|                        25|
---+----------------------+-----------------+--------------------------+
124|                    20|                i|                        26|
---+----------------------+-----------------+--------------------------+
125|                    -1|                =|                        26|
---+----------------------+-----------------+--------------------------+
126|                    22|                l|                        26|
---+----------------------+-----------------+--------------------------+
127|                    -1|                ;|                        26|
---+----------------------+-----------------+--------------------------+
128|                    -1|                d|                        27|
---+----------------------+-----------------+--------------------------+
129|                    -1|                f|                        27|
---+----------------------+-----------------+--------------------------+
130|                    -1|                t|                        27|
---+----------------------+-----------------+--------------------------+
131|                    23|                i|                        27|
---+----------------------+-----------------+--------------------------+
132|                    -1|                (|                        27|
---+----------------------+-----------------+--------------------------+
133|                    -1|                t|                        27|
---+----------------------+-----------------+--------------------------+
134|                    24|                i|                        27|
---+----------------------+-----------------+--------------------------+
135|                    -1|                ,|                        27|
---+----------------------+-----------------+--------------------------+
136|                    -1|                t|                        27|
---+----------------------+-----------------+--------------------------+
137|                    25|                i|                        27|
---+----------------------+-----------------+--------------------------+
138|                    -1|                )|                        27|
---+----------------------+-----------------+--------------------------+
139|                    -1|                ;|                        27|
---+----------------------+-----------------+--------------------------+
140|                    -1|                d|                        28|
---+----------------------+-----------------+--------------------------+
141|                    -1|                t|                        28|
---+----------------------+-----------------+--------------------------+
142|                    26|                i|                        28|
---+----------------------+-----------------+--------------------------+
143|                    -1|                ;|                        28|
---+----------------------+-----------------+--------------------------+
144|                    26|                i|                        29|
---+----------------------+-----------------+--------------------------+
145|                    -1|                =|                        29|
---+----------------------+-----------------+--------------------------+
146|                    23|                i|                        29|
---+----------------------+-----------------+--------------------------+
147|                    -1|                (|                        29|
---+----------------------+-----------------+--------------------------+
148|                    19|                i|                        29|
---+----------------------+-----------------+--------------------------+
149|                    -1|                ,|                        29|
---+----------------------+-----------------+--------------------------+
150|                    20|                i|                        29|
---+----------------------+-----------------+--------------------------+
151|                    -1|                )|                        29|
---+----------------------+-----------------+--------------------------+
152|                    -1|                ;|                        29|
---+----------------------+-----------------+--------------------------+
153|                    -1|                u|                        30|
---+----------------------+-----------------+--------------------------+
154|                    -1|                (|                        30|
---+----------------------+-----------------+--------------------------+
155|                    26|                i|                        30|
---+----------------------+-----------------+--------------------------+
156|                    27|                s|                        30|
---+----------------------+-----------------+--------------------------+
157|                    28|                l|                        30|
---+----------------------+-----------------+--------------------------+
158|                    -1|                )|                        30|
---+----------------------+-----------------+--------------------------+
159|                    -1|                {|                        31|
---+----------------------+-----------------+--------------------------+
160|                    -1|                p|                        32|
---+----------------------+-----------------+--------------------------+
161|                    29|                l|                        32|
---+----------------------+-----------------+--------------------------+
162|                    -1|                ;|                        32|
---+----------------------+-----------------+--------------------------+
163|                    -1|                }|                        33|
---+----------------------+-----------------+--------------------------+
164|                    -1|                u|                        34|
---+----------------------+-----------------+--------------------------+
165|                    -1|                (|                        34|
---+----------------------+-----------------+--------------------------+
166|                     7|                i|                        34|
---+----------------------+-----------------+--------------------------+
167|                    30|                s|                        34|
---+----------------------+-----------------+--------------------------+
168|                     6|                i|                        34|
---+----------------------+-----------------+--------------------------+
169|                    -1|                )|                        34|
---+----------------------+-----------------+--------------------------+
170|                    -1|                {|                        35|
---+----------------------+-----------------+--------------------------+
171|                    -1|                p|                        36|
---+----------------------+-----------------+--------------------------+
172|                    31|                l|                        36|
---+----------------------+-----------------+--------------------------+
173|                    -1|                ;|                        36|
---+----------------------+-----------------+--------------------------+
174|                    -1|                }|                        37|
---+----------------------+-----------------+--------------------------+
175|                    -1|                u|                        38|
---+----------------------+-----------------+--------------------------+
176|                    -1|                (|                        38|
---+----------------------+-----------------+--------------------------+
177|                     6|                i|                        38|
---+----------------------+-----------------+--------------------------+
178|                    32|                s|                        38|
---+----------------------+-----------------+--------------------------+
179|                     8|                i|                        38|
---+----------------------+-----------------+--------------------------+
180|                    -1|                )|                        38|
---+----------------------+-----------------+--------------------------+
181|                    -1|                {|                        39|
---+----------------------+-----------------+--------------------------+
182|                    -1|                p|                        40|
---+----------------------+-----------------+--------------------------+
183|                    33|                l|                        40|
---+----------------------+-----------------+--------------------------+
184|                    -1|                ;|                        40|
---+----------------------+-----------------+--------------------------+
185|                    -1|                }|                        41|
---+----------------------+-----------------+--------------------------+
186|                    -1|                u|                        42|
---+----------------------+-----------------+--------------------------+
187|                    -1|                (|                        42|
---+----------------------+-----------------+--------------------------+
188|                     7|                i|                        42|
---+----------------------+-----------------+--------------------------+
189|                    34|                s|                        42|
---+----------------------+-----------------+--------------------------+
190|                     8|                i|                        42|
---+----------------------+-----------------+--------------------------+
191|                    -1|                )|                        42|
---+----------------------+-----------------+--------------------------+
192|                    -1|                {|                        43|
---+----------------------+-----------------+--------------------------+
193|                    -1|                p|                        44|
---+----------------------+-----------------+--------------------------+
194|                    35|                l|                        44|
---+----------------------+-----------------+--------------------------+
195|                    -1|                ;|                        44|
---+----------------------+-----------------+--------------------------+
196|                    -1|                }|                        45|
---+----------------------+-----------------+--------------------------+
197|                    -1|                }|                        46|
---+----------------------+-----------------+--------------------------+


Протокол по работе ТИ - Полная ТИ ->

---+----------------------+-----------------+---------------+--------------------+---------------------+
 № | инд первой стр в ТЛ  |  идентификатор  |  тип данных   | тип идентификатора |      значение       |
---+----------------------+-----------------+---------------+--------------------+---------------------+
  0|                     2|               su|              1|                   2|         0
---+----------------------+-----------------+---------------+--------------------+---------------------+
  1|                     5|                a|              1|                   3|         0
---+----------------------+-----------------+---------------+--------------------+---------------------+
  2|                     8|                b|              1|                   3|         0
---+----------------------+-----------------+---------------+--------------------+---------------------+
  3|                    11|                d|              1|                   3|         0
---+----------------------+-----------------+---------------+--------------------+---------------------+
  4|                    16|            sures|              1|                   1|         0
---+----------------------+-----------------+---------------+--------------------+---------------------+
  5|                    21|                +|              1|                   7|         0
---+----------------------+-----------------+---------------+--------------------+---------------------+
  6|                    34|            maina|              1|                   1|         0
---+----------------------+-----------------+---------------+--------------------+---------------------+
  7|                    38|            mainb|              1|                   1|         0
---+----------------------+-----------------+---------------+--------------------+---------------------+
  8|                    42|            mainc|              1|                   1|         0
---+----------------------+-----------------+---------------+--------------------+---------------------+
  9|                    46|             LEX1|              1|                   4|         4
---+----------------------+-----------------+---------------+--------------------+---------------------+
 10|                    50|             LEX2|              1|                   4|         2
---+----------------------+-----------------+---------------+--------------------+---------------------+
 11|                    55|           stepen|              1|                   5|         0
---+----------------------+-----------------+---------------+--------------------+---------------------+
 12|                    58|               ui|              1|                   3|         0
---+----------------------+-----------------+---------------+--------------------+---------------------+
 13|                    61|               us|              1|                   3|         0
---+----------------------+-----------------+---------------+--------------------+---------------------+
 14|                    70|             LEX3|              1|                   4|         2
---+----------------------+-----------------+---------------+--------------------+---------------------+
 15|                    78|          mainsum|              1|                   1|         0
---+----------------------+-----------------+---------------+--------------------+---------------------+
 16|                    96|         mainsumo|              1|                   1|         0
---+----------------------+-----------------+---------------+--------------------+---------------------+
 17|                   102|             LEX4|              1|                   4|         1
---+----------------------+-----------------+---------------+--------------------+---------------------+
 18|                   106|             LEX5|              1|                   4|         3
---+----------------------+-----------------+---------------+--------------------+---------------------+
 19|                   114|          mainstr|              2|                   1|
---+----------------------+-----------------+---------------+--------------------+---------------------+
 20|                   118|         mainstro|              2|                   1|
---+----------------------+-----------------+---------------+--------------------+---------------------+
 21|                   122|             LEX6|              2|                   4|exampleExample
---+----------------------+-----------------+---------------+--------------------+---------------------+
 22|                   126|             LEX7|              2|                   4|example
---+----------------------+-----------------+---------------+--------------------+---------------------+
 23|                   131|            sravs|              1|                   5|         0
---+----------------------+-----------------+---------------+--------------------+---------------------+
 24|                   134|             strm|              2|                   3|
---+----------------------+-----------------+---------------+--------------------+---------------------+
 25|                   137|             strl|              2|                   3|
---+----------------------+-----------------+---------------+--------------------+---------------------+
 26|                   142|         mainrezs|              1|                   1|         0
---+----------------------+-----------------+---------------+--------------------+---------------------+
 27|                   156|               ==|              1|                   6|         0
---+----------------------+-----------------+---------------+--------------------+---------------------+
 28|                   157|             LEX8|              1|                   4|         1
---+----------------------+-----------------+---------------+--------------------+---------------------+
 29|                   161|             LEX9|              2|                   4|Okey
---+----------------------+-----------------+---------------+--------------------+---------------------+
 30|                   167|               !=|              2|                   6|
---+----------------------+-----------------+---------------+--------------------+---------------------+
 31|                   172|            LEX10|              2|                   4|Yes
---+----------------------+-----------------+---------------+--------------------+---------------------+
 32|                   178|               >=|              2|                   6|
---+----------------------+-----------------+---------------+--------------------+---------------------+
 33|                   183|            LEX11|              2|                   4|Yes
---+----------------------+-----------------+---------------+--------------------+---------------------+
 34|                   189|               <=|              2|                   6|
---+----------------------+-----------------+---------------+--------------------+---------------------+
 35|                   194|            LEX12|              2|                   4|Yes
---+----------------------+-----------------+---------------+--------------------+---------------------+


Польская запись построена ->

01   fti(ti,ti,ti)
02   {
03   dti;
04   i=ii+i+;
05   ri;
06   }
07   m
08   {
09   dti;
10   dti;
11   dti;
12   i=l;
13   i=l;
14   dfti(ti,ti);
15   i=iil@2;
16   pi;
17   dti;
18   i=iiii@3;
19   pi;
20   dti;
21   i=ilil@3;
22   pi;
23   dti;
24   dti;
25   i=l;
26   i=l;
27   dfti(ti,ti);
28   dti;
29   i=iii@2;
30   u(isl)
31   {
32   pl;
33   }
34   u(isi)
35   {
36   pl;
37   }
38   u(isi)
39   {
40   pl;
41   }
42   u(isi)
43   {
44   pl;
45   }
46   }